-----BEGIN STRICT TYPE LIB-----
Id: stl:Gv1vKbrx-JdB52Tc-bJ8vebC-Ol_tGiv-1Je5TSn-1dDGDH4#stuart-memphis-english
Name: UltraSONIC
Dependencies:
	FiniteField#report-canal-convert,
	Std#delete-roman-hair,
	AluVM#reward-accent-swim,
	CommitVerify#biology-news-adam,
	StrictTypes#henry-heart-survive
Check-SHA256: 93599604956ba1872378ef265bc795f4f246fba5049f85b8d79ffc8fc4e02b5b

3RP@$a$!?XPDw)rHf=J5-W9Gr(N3`~T!gjZ;#Jh)Q^zySg%(ujgcj1+3r1;fX>?^qX=Q9=f{E)*4-0Tq
uXIZV=)u>WBLk*fW6RH_XPEi=Ry;9k15<Qlw^=E)kF7_+BGG1^(r$N1t7sZ7Knlpb7_LPzv?=G$1wm|e
R!zWtaF}ei((p}N63i?Ao<XoOvP=JZfo2Z8$UEW|`27q+Z*6U9bXH|@X=Zupo|5M~K$m}!eub_$g}*CJ
IJdNZ+@c}}C`8q6D?CsOQ*?4^V{}w`aAk7^1wm|eR!su{r!Z9lE%{u?@QI^EqCb}2Q7OO^w+`_q*ddTX
mHSf)1x#sTNo2gis)#bgS4jef$f$kz(qARV!%Xxk)bI-z0hA`0C@%^_Z*pZrZ*FF3XV&xGL0WTQe=J%=
+ZU(+nrU27YYX=l){_<>0|-HmqX$fBVpC~!Weh`aZEb0ER%LQ&W_bbtllNeFa6}P}rq7L!(40)FbL%ms
z%JU8hqvFyoea2o4pL=vWpZ|9WI}m#WpgphxGg*8X!CPrawgw_sqk4BX8}k^^xj-FXm+)yumJ%MQe|^x
a&~28LV0v$b21A?X>MtBWkzXbY-9ldG4ZKD<fdor?$-<r>yg*2kjAiqI%+Ut?-5Twb%j}W1x95uH8ulN
bYuhoNWLQ%D(Hkon&*Qwpawq)`VKLB>Wd>h=Ype%b?2724ncEcX=zY$X>N33Vr*q$h9c2>uJC38-{*D7
fZ(%hZo23R4S;p`Q9JBQllDynLT_(umBYQsO#)!~acU7f_DL;WP9vC(GXyXN$~M|<ZtiEa4nb^iXkkuu
ZA@=uVRLA?gMQ~gu96el>ojDN{iR+YxT1qeJQTRI%yh?{hxxA$L2PhnVMAeXb4+h!VRL8;Q*?4^V{}w`
aAk7=08<tSgcQkwbf~^M){{|8P%hsRk~m~ep32F151Y4WWC&DwaAi(mZDkSw2|;yqXjE@&Wo`ul0yb?j
gx(ddJ<(3FEnI}P;o?=);Zw&m&4m_J=Y$s0*fH^`K;))p?C#eL4eOEDtdPdAfjVk1V($@8KXrv!b_hdd
Y-~YfWO4=q1aEL@WC583{T?dQJ?d;o1M7&`K~vb;q0WUv*UkDBz!||TdTRr4Z*u?u0tG{FWMy~;2nTj$
a&u{KZUVr4aF}ei((p}N63i?Ao<XoOvP=JZfo2Z8$UEW|`2CajV0dsu5sjwLjgQcrOsaG1F{QvR+LMR3
-^ZN{xOxO`VQpmq2mk>900000000300000000009WMy_`Y;SO7asjsJfQB3>bs~EXcCXx(drQcb3B`Fx
$)^%va$Ar)C7cO#X>Db5bYX39002k|W@%+?WKVKrWpV%jAPZ@3aCLM;Z*FF3X9BlbDYTERN5LY|W}eb+
cSx&f8ZJNz$h;V?MKQD~=g+*ss)#bgS4jef$f$kz(qARV!%Xxk)bI-z0hA`0C@&IrWpZg|X=7n@X>V>r
Z*FF3X9BlbDYTERN5LY|W}eb+cSx&f8ZJNz$h;V?MKQD~=g+*ss)#bgS4jef$f$kz(qARV!%Xxk)bI-z
0hA`0C@%?iWpZg|X=QSA015yA0s^;LDYTERN5LY|W}eb+cSx&f8ZJNz$h;V?MKQD~=g-#j-9cJ&V1F!H
MB5jr0GerBQELnL7S@v%AOi?Nj-vno000000093000000000L=Z)9b7Nn`~900#g7Kp+4KLvL<#Wo~nI
a{~kfZf|a700&}ebYpL6ZV(1+X>oOFWDx~$a%pX4APPfoZgg^CV{}Pm1pxpD002NB01QKKZgg^CV{}br
bYTVs2Xtj~bZ%vI0)mO_O%DrjRIhYP1?a)oog)LLTw}}6rDvG=`c^zKYGH;V(R;4&W&+>mb;*F>vukd;
=m`ygb@x#_>`RmOO$lRfZgXXBb9Hk8Dj?-{0Y}Dq$vOKCGt{RvH8&;ZXfc^4Eji)>3@apR33O>~Wpi|4
ZEyepNCa+SZDj#MSK81Y1kTeh<m?Q8?wE{8xti#UiHcL7_I7o~u$qwuX>)URWpV+w=zxYCD0L!x4tB5H
m3vFbl?lapNXe%XU~*fKJ0+Y9LvL<$a$#e1PGN0j1OfmDb#889ZDnKt00036ZeeX@WB>&L0_mQT=Q}``
f02HLt~iCiD@{1Jw0_*8A_pi$)ov?1P*WBNgcQkwbf~^M){{|8P%hsRk~m~ep32F151Y4WWCurOZe??6
a|Q?pc4cyNX>V=<z<qF-Y_`(yO<NMoEB~HBurjhs|9XLD4!p=a;uiS*llNeFa6}P}rq7L!(40)FbL%ms
z%JU8hqvFyoea2o2V-w!Wq3(s0ky2_KhUG5TPt*@cH*iwNUXeq?5U##^fl2${*vH4Kn7!BY-~wn00067
Zf|a5Wdb&BGKAh0u07FCu`OJLwc+Ab)ZtUdGtGq-ROf^i(%3QasX*kWXYB6R3=Qj%*Q}7nuz@;iFk<f!
Pd{~qS#}0uY+-I|F#^DSaF}ei((p}N63i?Ao<XoOvP=JZfo2Z8$UEW|`2EYcEj#9D^K)f#Cf|Xn@L3mU
0Z2&n-dr?jcD1Ll0RaYLY+-I|G6KMTaF}ei((p}N63i?Ao<XoOvP=JZfo2Z8$UEW|`2EYcEj#9D^K)f#
Cf|Xn@L3mU0Z2&n-dr?jcD1Ll0RazWWpi|Lbz^jCVr*qkb#wp-0q_;81*yTf7t)jcn*aB%1xpArrVPVh
Cp50mBKADGod5s;000000RR600000001RnuZFO{EVr*qkb#wp-0dvt(KD;=7h#>IHm`@FB$Tpv02zQs(
P%5N)3*J6Wv;Y7A000000RR600000000>EBWo~q7ba@2<00ja9f{E)*4-0TquXIZV=)u>WBLk*fW6RH_
XPEi=Ry;9kNWLQ%D(Hkon&*Qwpawq)`VKLB>Wd>h=Ype%b?27200;ttiR(=d3vg7gbV~*3!PlK51EySK
%g?1}nECovJTYoWz9SbZ=!8X@=Yuq$20sb<4l#S`iz7Vef}@Ca=a#qt00000000304*&oF00005Np5g;
bOr(hVPs@-0sE!La$v6rX_fBJi~iN-tVcdiDm&03^NQ+Jc&xL55C?Z@bZ%vHa{;M&{_J;U_rqi{QnVN{
nRqfLcrXOCpfhv|^|vQ>r$q%xb8~fN1_TFoWpZ<AZ*Bs>eQ=m;w$kuTTN2DG|DHjxGO|nmdVyvRyvRG^
7Wn;>_h5K%L=laq&yA1JoJ^{7>oKLkF4~iax8KK|47hp(ZDn*}0hdm>HFC=y{}}R_Q*J0R1B>UK2GYvJ
63|a_$rvECDg|S2WMy~(Ebh$kPW^i=uUOZ4R^gH^)tqIy1JT=_{puIDZN<y$2WMq&WpinB0T2d}GfSr9
nk1kJgGfqsF61{#c`x%@I@9epcmpzFO$kqMWpZJ3X>V=@2nTj$a&u{KZUVr4aF}ei((p}N63i?Ao<XoO
vP=JZfo2Z8$UEW|`2CajV0dsu5sjwLjgQcrOsaG1F{QvR+LMR3-^ZN{xOxg>Z*FvQVPkYjWC5QDEJ-@Z
0;0Ob-P{Wzd?2rs)M&&=&l*}G;Jw22Ix+@hVQg$kWB>pH1#WL{V`Tz1Z8C)36|OzePO&Xqgtg(~Rn*~A
$1}}^7F6ei7Sh-;@u@)Mrf2N#*9;Bok=Lw{#;}1pYA|B&5l=sLg;{nEWMy-7a&=>LX<}?;Np1iL0T37o
JAxp9Mhv~e@}oj5POM{qIwLRfw4OqL&)J?V)&Kwi000000RR600000001IhtZFO{EVr*qeZU6`Y`=!Tn
V6O;imF~}r{?+EJM?Oy~JJ2HYit1E&th0d-0000000000|Nj60000004`gL?baHiLbZKI2Wlwc<00;r_
6{`iQ!MGRFll_|i_pSv?2r{M&!(S&fuFxX(Ji46#0000000030{{R300000CX>DzFbYWs_Wlwc<00;qd
(NaFVIDUvA@XVM`4Qt3YpJ51hm)1}!q<Rb9K25X$0000000030{{R3000004PjG2u1pxpD002NB00&ZG
cSK=yVFdvI2mk;;0000000000|Nj60000002~%`obY(+jY-|Pt1Y}`!VF9Um{_J;U_rqi{QnVN{nRqfL
crXOCpfhv|^|vQ>r$q!|b#!O}vxzv*lre&3A1Lt&^3qYAi!}}hPKv@`ru(D9c`dzX1Z;0(YXAfS00eGt
Ze;)f009JZZ*64&1pxxLSt+!Stw+Hk(Po~~Zg)tlXc{g+3dp<|u0=7lDd*4D^W8yOb6|fgT149yr~sO2
Tv2Na_ZHTZ79ax%L5`ydQ*>c;Wkg|gVFm&Pc42IFWdW&q{_J;U_rqi{QnVN{nRqfLcrXOCpfhv|^|vQ>
r$qyDVRrxo0ssVVZ*FA(00035b8l^B00jX7{aM4p>0IFOo~Y652;7|;2>m$hiUk~2&U-senAm#W3R84p
bY)gyY;|P>1powYZ*FA(00037b7^j8Y-Ioj0R?7ha&vS7Hf=J5-W9Gr(N3`~T!gjZ;#Jh)Q^zySg%(uj
gcj1+G4ZKD<fdor?$-<r>yg*2kjAiqI%+Ut?-5Twb%j}W0tRGnbz*E~00sgDW@&PBbOJVQGKAh0u07FC
u`OJLwc+Ab)ZtUdGtGq-ROf^i(%3QasX*kWXYB6R3=Qj%*Q}7nuz@;iFk<f!Pd{~qS#}0<Wn*t{WCAvA
GKAh0u07FCu`OJLwc+Ab)ZtUdGtGq-ROf^i(%3QasX*kWXYB6R3=Qj%*Q}7nuz@;iFk<f!Pd{~qS#|>k
baH8MY-Ioj0|jPja&vS7Hf=J5-W9Gr(N3`~T!gjZ;#Jh)Q^zySg%(ujgcj1+G4ZKD<fdor?$-<r>yg*2
kjAiqI%+Ut?-5Twb%j}W26JU&Z*F7)Hf=J5-W9Gr(N3`~T!gjZ;#Jh)Q^zySg%(ujgcj1+G4ZKD<fdor
?$-<r>yg*2kjAiqI%+Ut?-5Twb%j}W1$1a>a%2KFZ8C)36|OzePO&Xqgtg(~Rn*~A$1}}^7F6ei7Sh-;
@u@)Mrf2N#*9;Bok=Lw{#;}1pYA|B&5l=sLg;{n43UPH|WO8Y6aBO7&1_T9WX>xOP0yb?jgx(ddJ<(3F
EnI}P;o?=);Zw&m&4m_J=Y$s0*fH^`K;))p?C#eL4eOEDtdPdAfjVk1V($@8KXrv!b_R20V{dL`0yb?j
gx(ddJ<(3FEnI}P;o?=);Zw&m&4m_J=Y$s0*fH^`K;))p?C#eL4eOEDtdPdAfjVk1V($@8KXrv!b_H~3
X>w!&Hf=J5-W9Gr(N3`~T!gjZ;#Jh)Q^zySg%(ujgcj1+G4ZKD<fdor?$-<r>yg*2kjAiqI%+Ut?-5Tw
b%j}W24-({a&%|{Hf=J5-W9Gr(N3`~T!gjZ;#Jh)Q^zySg%(ujgcj1+G4ZKD<fdor?$-<r>yg*2kjAiq
I%+Ut?-5Twb%j}W

-----END STRICT TYPE LIB-----

